<?xml version="1.0" encoding="UTF-8"?>
<testsuite xmlns:xsi="http://www.w3.org/2001/XMLSchema-instance" xsi:noNamespaceSchemaLocation="https://maven.apache.org/surefire/maven-surefire-plugin/xsd/surefire-test-report-3.0.xsd" version="3.0" name="com.ejemplo.sonar.AppTest" time="0.075" tests="1" errors="0" skipped="0" failures="0">
  <properties>
    <property name="java.specification.version" value="23"/>
    <property name="sun.cpu.isalist" value="amd64"/>
    <property name="sun.jnu.encoding" value="Cp1252"/>
    <property name="java.class.path" value="C:\Users\juanc\Desktop\Proyectos VS\PP-INE\Proyectos\Pruebas-Maven\Maven\reglas-personalizadas\target\test-classes;C:\Users\juanc\Desktop\Proyectos VS\PP-INE\Proyectos\Pruebas-Maven\Maven\reglas-personalizadas\target\classes;C:\Users\juanc\.m2\repository\org\sonarsource\sonarqube\sonar-plugin-api\9.14.0.375\sonar-plugin-api-9.14.0.375.jar;C:\Users\juanc\.m2\repository\org\sonarsource\java\sonar-java-plugin\8.14.1.39293\sonar-java-plugin-8.14.1.39293.jar;C:\Users\juanc\.m2\repository\org\sonarsource\java\java-surefire\8.14.1.39293\java-surefire-8.14.1.39293.jar;C:\Users\juanc\.m2\repository\com\fasterxml\staxmate\staxmate\2.4.1\staxmate-2.4.1.jar;C:\Users\juanc\.m2\repository\org\codehaus\woodstox\stax2-api\4.2.1\stax2-api-4.2.1.jar;C:\Users\juanc\.m2\repository\org\sonarsource\java\java-frontend\8.14.1.39293\java-frontend-8.14.1.39293.jar;C:\Users\juanc\.m2\repository\org\sonarsource\java\jdt-package\1.4.0.135\jdt-package-1.4.0.135.jar;C:\Users\juanc\.m2\repository\org\sonarsource\sslr\sslr-core\1.24.0.633\sslr-core-1.24.0.633.jar;C:\Users\juanc\.m2\repository\org\apache\commons\commons-lang3\3.17.0\commons-lang3-3.17.0.jar;C:\Users\juanc\.m2\repository\org\sonarsource\analyzer-commons\sonar-regex-parsing\2.16.0.3141\sonar-regex-parsing-2.16.0.3141.jar;C:\Users\juanc\.m2\repository\org\sonarsource\java\java-checks\8.14.1.39293\java-checks-8.14.1.39293.jar;C:\Users\juanc\.m2\repository\org\sonarsource\java\java-checks-common\8.14.1.39293\java-checks-common-8.14.1.39293.jar;C:\Users\juanc\.m2\repository\org\sonarsource\analyzer-commons\sonar-analyzer-recognizers\2.16.0.3141\sonar-analyzer-recognizers-2.16.0.3141.jar;C:\Users\juanc\.m2\repository\org\springframework\spring-expression\6.1.13\spring-expression-6.1.13.jar;C:\Users\juanc\.m2\repository\org\springframework\spring-core\6.1.13\spring-core-6.1.13.jar;C:\Users\juanc\.m2\repository\org\springframework\spring-jcl\6.1.13\spring-jcl-6.1.13.jar;C:\Users\juanc\.m2\repository\org\sonarsource\java\java-checks-aws\8.14.1.39293\java-checks-aws-8.14.1.39293.jar;C:\Users\juanc\.m2\repository\org\sonarsource\java\check-list\8.14.1.39293\check-list-8.14.1.39293.jar;C:\Users\juanc\.m2\repository\com\google\code\gson\gson\2.11.0\gson-2.11.0.jar;C:\Users\juanc\.m2\repository\com\google\errorprone\error_prone_annotations\2.27.0\error_prone_annotations-2.27.0.jar;C:\Users\juanc\.m2\repository\org\sonarsource\java\external-reports\8.14.1.39293\external-reports-8.14.1.39293.jar;C:\Users\juanc\.m2\repository\org\sonarsource\java\java-jsp\8.14.1.39293\java-jsp-8.14.1.39293.jar;C:\Users\juanc\.m2\repository\org\apache\tomcat\embed\tomcat-embed-jasper\9.0.100\tomcat-embed-jasper-9.0.100.jar;C:\Users\juanc\.m2\repository\org\apache\tomcat\embed\tomcat-embed-core\9.0.100\tomcat-embed-core-9.0.100.jar;C:\Users\juanc\.m2\repository\org\apache\tomcat\tomcat-annotations-api\9.0.100\tomcat-annotations-api-9.0.100.jar;C:\Users\juanc\.m2\repository\org\apache\tomcat\embed\tomcat-embed-el\9.0.100\tomcat-embed-el-9.0.100.jar;C:\Users\juanc\.m2\repository\org\sonarsource\analyzer-commons\sonar-analyzer-commons\2.16.0.3141\sonar-analyzer-commons-2.16.0.3141.jar;C:\Users\juanc\.m2\repository\org\sonarsource\analyzer-commons\sonar-xml-parsing\2.16.0.3141\sonar-xml-parsing-2.16.0.3141.jar;C:\Users\juanc\.m2\repository\com\google\code\findbugs\jsr305\3.0.2\jsr305-3.0.2.jar;C:\Users\juanc\.m2\repository\xerces\xercesImpl\2.12.2\xercesImpl-2.12.2.jar;C:\Users\juanc\.m2\repository\xml-apis\xml-apis\1.4.01\xml-apis-1.4.01.jar;C:\Users\juanc\.m2\repository\com\fasterxml\woodstox\woodstox-core\6.4.0\woodstox-core-6.4.0.jar;C:\Users\juanc\.m2\repository\org\sonarsource\analyzer-commons\sonar-performance-measure\2.16.0.3141\sonar-performance-measure-2.16.0.3141.jar;C:\Users\juanc\.m2\repository\junit\junit\3.8.1\junit-3.8.1.jar;"/>
    <property name="java.vm.vendor" value="Oracle Corporation"/>
    <property name="sun.arch.data.model" value="64"/>
    <property name="user.variant" value=""/>
    <property name="java.vendor.url" value="https://java.oracle.com/"/>
    <property name="user.timezone" value="America/Mexico_City"/>
    <property name="user.country.format" value="US"/>
    <property name="os.name" value="Windows 11"/>
    <property name="java.vm.specification.version" value="23"/>
    <property name="sun.java.launcher" value="SUN_STANDARD"/>
    <property name="user.country" value="MX"/>
    <property name="sun.boot.library.path" value="C:\Program Files\Java\jdk-23\bin"/>
    <property name="sun.java.command" value="C:\Users\juanc\AppData\Local\Temp\surefire6168010237638424625\surefirebooter-20250715130345305_3.jar C:\Users\juanc\AppData\Local\Temp\surefire6168010237638424625 2025-07-15T13-03-45_033-jvmRun1 surefire-20250715130345305_1tmp surefire_0-20250715130345305_2tmp"/>
    <property name="jdk.debug" value="release"/>
    <property name="surefire.test.class.path" value="C:\Users\juanc\Desktop\Proyectos VS\PP-INE\Proyectos\Pruebas-Maven\Maven\reglas-personalizadas\target\test-classes;C:\Users\juanc\Desktop\Proyectos VS\PP-INE\Proyectos\Pruebas-Maven\Maven\reglas-personalizadas\target\classes;C:\Users\juanc\.m2\repository\org\sonarsource\sonarqube\sonar-plugin-api\9.14.0.375\sonar-plugin-api-9.14.0.375.jar;C:\Users\juanc\.m2\repository\org\sonarsource\java\sonar-java-plugin\8.14.1.39293\sonar-java-plugin-8.14.1.39293.jar;C:\Users\juanc\.m2\repository\org\sonarsource\java\java-surefire\8.14.1.39293\java-surefire-8.14.1.39293.jar;C:\Users\juanc\.m2\repository\com\fasterxml\staxmate\staxmate\2.4.1\staxmate-2.4.1.jar;C:\Users\juanc\.m2\repository\org\codehaus\woodstox\stax2-api\4.2.1\stax2-api-4.2.1.jar;C:\Users\juanc\.m2\repository\org\sonarsource\java\java-frontend\8.14.1.39293\java-frontend-8.14.1.39293.jar;C:\Users\juanc\.m2\repository\org\sonarsource\java\jdt-package\1.4.0.135\jdt-package-1.4.0.135.jar;C:\Users\juanc\.m2\repository\org\sonarsource\sslr\sslr-core\1.24.0.633\sslr-core-1.24.0.633.jar;C:\Users\juanc\.m2\repository\org\apache\commons\commons-lang3\3.17.0\commons-lang3-3.17.0.jar;C:\Users\juanc\.m2\repository\org\sonarsource\analyzer-commons\sonar-regex-parsing\2.16.0.3141\sonar-regex-parsing-2.16.0.3141.jar;C:\Users\juanc\.m2\repository\org\sonarsource\java\java-checks\8.14.1.39293\java-checks-8.14.1.39293.jar;C:\Users\juanc\.m2\repository\org\sonarsource\java\java-checks-common\8.14.1.39293\java-checks-common-8.14.1.39293.jar;C:\Users\juanc\.m2\repository\org\sonarsource\analyzer-commons\sonar-analyzer-recognizers\2.16.0.3141\sonar-analyzer-recognizers-2.16.0.3141.jar;C:\Users\juanc\.m2\repository\org\springframework\spring-expression\6.1.13\spring-expression-6.1.13.jar;C:\Users\juanc\.m2\repository\org\springframework\spring-core\6.1.13\spring-core-6.1.13.jar;C:\Users\juanc\.m2\repository\org\springframework\spring-jcl\6.1.13\spring-jcl-6.1.13.jar;C:\Users\juanc\.m2\repository\org\sonarsource\java\java-checks-aws\8.14.1.39293\java-checks-aws-8.14.1.39293.jar;C:\Users\juanc\.m2\repository\org\sonarsource\java\check-list\8.14.1.39293\check-list-8.14.1.39293.jar;C:\Users\juanc\.m2\repository\com\google\code\gson\gson\2.11.0\gson-2.11.0.jar;C:\Users\juanc\.m2\repository\com\google\errorprone\error_prone_annotations\2.27.0\error_prone_annotations-2.27.0.jar;C:\Users\juanc\.m2\repository\org\sonarsource\java\external-reports\8.14.1.39293\external-reports-8.14.1.39293.jar;C:\Users\juanc\.m2\repository\org\sonarsource\java\java-jsp\8.14.1.39293\java-jsp-8.14.1.39293.jar;C:\Users\juanc\.m2\repository\org\apache\tomcat\embed\tomcat-embed-jasper\9.0.100\tomcat-embed-jasper-9.0.100.jar;C:\Users\juanc\.m2\repository\org\apache\tomcat\embed\tomcat-embed-core\9.0.100\tomcat-embed-core-9.0.100.jar;C:\Users\juanc\.m2\repository\org\apache\tomcat\tomcat-annotations-api\9.0.100\tomcat-annotations-api-9.0.100.jar;C:\Users\juanc\.m2\repository\org\apache\tomcat\embed\tomcat-embed-el\9.0.100\tomcat-embed-el-9.0.100.jar;C:\Users\juanc\.m2\repository\org\sonarsource\analyzer-commons\sonar-analyzer-commons\2.16.0.3141\sonar-analyzer-commons-2.16.0.3141.jar;C:\Users\juanc\.m2\repository\org\sonarsource\analyzer-commons\sonar-xml-parsing\2.16.0.3141\sonar-xml-parsing-2.16.0.3141.jar;C:\Users\juanc\.m2\repository\com\google\code\findbugs\jsr305\3.0.2\jsr305-3.0.2.jar;C:\Users\juanc\.m2\repository\xerces\xercesImpl\2.12.2\xercesImpl-2.12.2.jar;C:\Users\juanc\.m2\repository\xml-apis\xml-apis\1.4.01\xml-apis-1.4.01.jar;C:\Users\juanc\.m2\repository\com\fasterxml\woodstox\woodstox-core\6.4.0\woodstox-core-6.4.0.jar;C:\Users\juanc\.m2\repository\org\sonarsource\analyzer-commons\sonar-performance-measure\2.16.0.3141\sonar-performance-measure-2.16.0.3141.jar;C:\Users\juanc\.m2\repository\junit\junit\3.8.1\junit-3.8.1.jar;"/>
    <property name="sun.cpu.endian" value="little"/>
    <property name="user.home" value="C:\Users\juanc"/>
    <property name="user.language" value="es"/>
    <property name="java.specification.vendor" value="Oracle Corporation"/>
    <property name="java.version.date" value="2025-01-21"/>
    <property name="java.home" value="C:\Program Files\Java\jdk-23"/>
    <property name="file.separator" value="\"/>
    <property name="basedir" value="C:\Users\juanc\Desktop\Proyectos VS\PP-INE\Proyectos\Pruebas-Maven\Maven\reglas-personalizadas"/>
    <property name="java.vm.compressedOopsMode" value="32-bit"/>
    <property name="line.separator" value="&#10;"/>
    <property name="java.vm.specification.vendor" value="Oracle Corporation"/>
    <property name="java.specification.name" value="Java Platform API Specification"/>
    <property name="surefire.real.class.path" value="C:\Users\juanc\AppData\Local\Temp\surefire6168010237638424625\surefirebooter-20250715130345305_3.jar"/>
    <property name="user.script" value=""/>
    <property name="sun.management.compiler" value="HotSpot 64-Bit Tiered Compilers"/>
    <property name="java.runtime.version" value="23.0.2+7-58"/>
    <property name="user.name" value="juanc"/>
    <property name="stdout.encoding" value="Cp1252"/>
    <property name="path.separator" value=";"/>
    <property name="os.version" value="10.0"/>
    <property name="java.runtime.name" value="Java(TM) SE Runtime Environment"/>
    <property name="file.encoding" value="UTF-8"/>
    <property name="java.vm.name" value="Java HotSpot(TM) 64-Bit Server VM"/>
    <property name="localRepository" value="C:\Users\juanc\.m2\repository"/>
    <property name="java.vendor.url.bug" value="https://bugreport.java.com/bugreport/"/>
    <property name="java.io.tmpdir" value="C:\Users\juanc\AppData\Local\Temp\"/>
    <property name="java.version" value="23.0.2"/>
    <property name="user.dir" value="C:\Users\juanc\Desktop\Proyectos VS\PP-INE\Proyectos\Pruebas-Maven\Maven\reglas-personalizadas"/>
    <property name="os.arch" value="amd64"/>
    <property name="java.vm.specification.name" value="Java Virtual Machine Specification"/>
    <property name="user.language.format" value="en"/>
    <property name="sun.os.patch.level" value=""/>
    <property name="native.encoding" value="Cp1252"/>
    <property name="java.library.path" value="C:\Program Files\Java\jdk-23\bin;C:\WINDOWS\Sun\Java\bin;C:\WINDOWS\system32;C:\WINDOWS;C:\Program Files\Common Files\Oracle\Java\javapath;C:\WINDOWS\system32;C:\WINDOWS;C:\WINDOWS\System32\Wbem;C:\WINDOWS\System32\WindowsPowerShell\v1.0\;C:\WINDOWS\System32\OpenSSH\;C:\Program Files\nodejs\;C:\ProgramData\chocolatey\bin;C:\Program Files\Git\cmd;C:\Program Files\Docker\Docker\resources\bin;C:\apache-maven-3.9.10\bin;C:\Users\juanc\AppData\Local\Programs\Python\Python313\Scripts\;C:\Users\juanc\AppData\Local\Programs\Python\Python313\;C:\Users\juanc\AppData\Local\Microsoft\WindowsApps;C:\Users\juanc\AppData\Local\Programs\Microsoft VS Code Insiders\bin;C:\MinGW\bin;C:\Program Files\Java\jdk-23\bin;C:\Users\juanc\AppData\Roaming\npm;C:\Users\juanc\AppData\Local\Programs\Microsoft VS Code\bin;c:\Users\juanc\AppData\Roaming\Code - Insiders\User\globalStorage\github.copilot-chat\debugCommand;."/>
    <property name="java.vm.info" value="mixed mode, sharing"/>
    <property name="stderr.encoding" value="Cp1252"/>
    <property name="java.vendor" value="Oracle Corporation"/>
    <property name="java.vm.version" value="23.0.2+7-58"/>
    <property name="sun.io.unicode.encoding" value="UnicodeLittle"/>
    <property name="java.class.version" value="67.0"/>
  </properties>
  <testcase name="testApp" classname="com.ejemplo.sonar.AppTest" time="0.005"/>
</testsuite>